[2025-06-19 01:54:42,658][Minimal-Notes][DEBUG] Se creó la configuración default de prompts en: data/prompts.json (cli.py:59)
[2025-06-19 01:54:42,823][Minimal-Notes][INFO] Nota creada: ID=1 (cli.py:83)
[2025-06-19 01:54:44,031][Minimal-Notes][INFO] Nota creada: ID=2 (cli.py:83)
[2025-06-19 01:54:45,098][Minimal-Notes][INFO] Nota creada: ID=3 (cli.py:83)
[2025-06-19 01:54:46,181][Minimal-Notes][INFO] Nota creada: ID=4 (cli.py:83)
[2025-06-19 01:54:47,264][Minimal-Notes][INFO] Nota creada: ID=5 (cli.py:83)
[2025-06-19 01:54:55,405][Minimal-Notes][INFO] Nota modificada: ID=1 (cli.py:136)
[2025-06-19 01:54:56,490][Minimal-Notes][INFO] Nota modificada: ID=2 (cli.py:136)
[2025-06-19 01:54:57,647][Minimal-Notes][INFO] Archivo importado: .test/import_test.txt -> ID=6 (cli.py:235)
[2025-06-19 01:54:58,697][Minimal-Notes][INFO] Archivo importado: .test/api_docs.txt -> ID=7 (cli.py:235)
[2025-06-19 01:54:59,706][Minimal-Notes][INFO] Nota exportada: ID=1 -> .test/nota_exportada_1.txt (cli.py:210)
[2025-06-19 01:55:00,762][Minimal-Notes][INFO] Nota exportada: ID=6 -> .test/nota_api_docs.txt (cli.py:210)
[2025-06-19 01:55:03,324][Minimal-Notes][INFO] Nota mejorada: ID=1 (cli.py:275)
[2025-06-19 01:55:13,979][Minimal-Notes][INFO] Nota reemplazada con versión mejorada: ID=1 (cli.py:280)
[2025-06-19 01:55:17,034][Minimal-Notes][INFO] Nota resumida: ID=7 (cli.py:347)
[2025-06-19 01:55:23,279][Minimal-Notes][INFO] Resumen guardado: ID=8 (cli.py:353)
[2025-06-19 01:55:25,717][Minimal-Notes][INFO] Pregunta procesada para nota ID=7 (cli.py:383)
[2025-06-19 01:55:27,954][Minimal-Notes][INFO] Nota traducida: ID=1 -> english (cli.py:311)
[2025-06-19 01:55:32,153][Minimal-Notes][INFO] Traducción guardada: ID=9 (cli.py:317)
[2025-06-19 01:55:34,498][Minimal-Notes][INFO] Nota traducida: ID=1 -> aleman (cli.py:311)
[2025-06-19 01:55:43,208][Minimal-Notes][INFO] Nota traducida: ID=1 -> binario (cli.py:311)
[2025-06-19 01:55:44,652][Minimal-Notes][INFO] Traducción guardada: ID=10 (cli.py:317)
[2025-06-19 01:55:45,753][Minimal-Notes][INFO] Nota creada: ID=11 (cli.py:83)
[2025-06-19 01:55:46,836][Minimal-Notes][INFO] Nota creada: ID=12 (cli.py:83)
[2025-06-19 01:55:47,902][Minimal-Notes][INFO] Nota creada: ID=13 (cli.py:83)
[2025-06-19 01:55:48,977][Minimal-Notes][INFO] Nota creada: ID=14 (cli.py:83)
[2025-06-19 01:55:50,044][Minimal-Notes][INFO] Nota eliminada: ID=2 (cli.py:152)
[2025-06-19 01:55:52,152][Minimal-Notes][INFO] Nota creada: ID=15 (cli.py:83)
[2025-06-19 01:55:53,319][Minimal-Notes][INFO] Nota creada: ID=16 (cli.py:83)
[2025-06-19 01:55:54,369][Minimal-Notes][INFO] Nota creada: ID=17 (cli.py:83)
[2025-06-19 01:56:57,043][Minimal-Notes][INFO] Archivo importado: .test/testing_definitivo.log -> ID=18 (cli.py:235)
[2025-06-19 01:57:48,483][Minimal-Notes][INFO] Pregunta procesada para nota ID=18 (cli.py:383)
