[2025-06-19 01:54:31,952][Router][DEBUG] Router init: {'database': {'active': 'data/db/notes.db', 'prompts': 'data/prompts.json'}, 'logger': {'cli': 'data/log/cli.log', 'router': 'data/log/router.log', 'prompts': 'data/log/prompts.log', 'stream': True}} (router.py:42)
[2025-06-19 01:54:31,952][Router][DEBUG] Config 'data/config.toml': sin cambios (router.py:104)
[2025-06-19 01:54:42,823][Router][DEBUG] Nota creada: id=1 (router.py:162)
[2025-06-19 01:54:43,963][Router][DEBUG] Router init: {'database': {'active': 'data/db/notes.db', 'prompts': 'data/prompts.json'}, 'logger': {'cli': 'data/log/cli.log', 'router': 'data/log/router.log', 'prompts': 'data/log/prompts.log', 'stream': True}} (router.py:42)
[2025-06-19 01:54:43,963][Router][DEBUG] Config 'data/config.toml': sin cambios (router.py:104)
[2025-06-19 01:54:44,031][Router][DEBUG] Nota creada: id=2 (router.py:162)
[2025-06-19 01:54:45,031][Router][DEBUG] Router init: {'database': {'active': 'data/db/notes.db', 'prompts': 'data/prompts.json'}, 'logger': {'cli': 'data/log/cli.log', 'router': 'data/log/router.log', 'prompts': 'data/log/prompts.log', 'stream': True}} (router.py:42)
[2025-06-19 01:54:45,031][Router][DEBUG] Config 'data/config.toml': sin cambios (router.py:104)
[2025-06-19 01:54:45,097][Router][DEBUG] Nota creada: id=3 (router.py:162)
[2025-06-19 01:54:46,108][Router][DEBUG] Router init: {'database': {'active': 'data/db/notes.db', 'prompts': 'data/prompts.json'}, 'logger': {'cli': 'data/log/cli.log', 'router': 'data/log/router.log', 'prompts': 'data/log/prompts.log', 'stream': True}} (router.py:42)
[2025-06-19 01:54:46,108][Router][DEBUG] Config 'data/config.toml': sin cambios (router.py:104)
[2025-06-19 01:54:46,181][Router][DEBUG] Nota creada: id=4 (router.py:162)
[2025-06-19 01:54:47,193][Router][DEBUG] Router init: {'database': {'active': 'data/db/notes.db', 'prompts': 'data/prompts.json'}, 'logger': {'cli': 'data/log/cli.log', 'router': 'data/log/router.log', 'prompts': 'data/log/prompts.log', 'stream': True}} (router.py:42)
[2025-06-19 01:54:47,193][Router][DEBUG] Config 'data/config.toml': sin cambios (router.py:104)
[2025-06-19 01:54:47,264][Router][DEBUG] Nota creada: id=5 (router.py:162)
[2025-06-19 01:54:48,276][Router][DEBUG] Router init: {'database': {'active': 'data/db/notes.db', 'prompts': 'data/prompts.json'}, 'logger': {'cli': 'data/log/cli.log', 'router': 'data/log/router.log', 'prompts': 'data/log/prompts.log', 'stream': True}} (router.py:42)
[2025-06-19 01:54:48,276][Router][DEBUG] Config 'data/config.toml': sin cambios (router.py:104)
[2025-06-19 01:54:48,278][Router][DEBUG] 5 notas leídas (router.py:173)
[2025-06-19 01:54:49,274][Router][DEBUG] Router init: {'database': {'active': 'data/db/notes.db', 'prompts': 'data/prompts.json'}, 'logger': {'cli': 'data/log/cli.log', 'router': 'data/log/router.log', 'prompts': 'data/log/prompts.log', 'stream': True}} (router.py:42)
[2025-06-19 01:54:49,275][Router][DEBUG] Config 'data/config.toml': sin cambios (router.py:104)
[2025-06-19 01:54:49,277][Router][DEBUG] 5 notas leídas (router.py:173)
[2025-06-19 01:54:50,269][Router][DEBUG] Router init: {'database': {'active': 'data/db/notes.db', 'prompts': 'data/prompts.json'}, 'logger': {'cli': 'data/log/cli.log', 'router': 'data/log/router.log', 'prompts': 'data/log/prompts.log', 'stream': True}} (router.py:42)
[2025-06-19 01:54:50,269][Router][DEBUG] Config 'data/config.toml': sin cambios (router.py:104)
[2025-06-19 01:54:50,271][Router][DEBUG] 5 notas leídas (router.py:173)
[2025-06-19 01:54:51,270][Router][DEBUG] Router init: {'database': {'active': 'data/db/notes.db', 'prompts': 'data/prompts.json'}, 'logger': {'cli': 'data/log/cli.log', 'router': 'data/log/router.log', 'prompts': 'data/log/prompts.log', 'stream': True}} (router.py:42)
[2025-06-19 01:54:51,271][Router][DEBUG] Config 'data/config.toml': sin cambios (router.py:104)
[2025-06-19 01:54:51,272][Router][DEBUG] 5 notas leídas (router.py:173)
[2025-06-19 01:54:52,303][Router][DEBUG] Router init: {'database': {'active': 'data/db/notes.db', 'prompts': 'data/prompts.json'}, 'logger': {'cli': 'data/log/cli.log', 'router': 'data/log/router.log', 'prompts': 'data/log/prompts.log', 'stream': True}} (router.py:42)
[2025-06-19 01:54:52,304][Router][DEBUG] Config 'data/config.toml': sin cambios (router.py:104)
[2025-06-19 01:54:52,306][Router][DEBUG] 5 notas leídas (router.py:173)
[2025-06-19 01:54:53,295][Router][DEBUG] Router init: {'database': {'active': 'data/db/notes.db', 'prompts': 'data/prompts.json'}, 'logger': {'cli': 'data/log/cli.log', 'router': 'data/log/router.log', 'prompts': 'data/log/prompts.log', 'stream': True}} (router.py:42)
[2025-06-19 01:54:53,296][Router][DEBUG] Config 'data/config.toml': sin cambios (router.py:104)
[2025-06-19 01:54:53,297][Router][DEBUG] 5 notas leídas (router.py:173)
[2025-06-19 01:54:54,310][Router][DEBUG] Router init: {'database': {'active': 'data/db/notes.db', 'prompts': 'data/prompts.json'}, 'logger': {'cli': 'data/log/cli.log', 'router': 'data/log/router.log', 'prompts': 'data/log/prompts.log', 'stream': True}} (router.py:42)
[2025-06-19 01:54:54,310][Router][DEBUG] Config 'data/config.toml': sin cambios (router.py:104)
[2025-06-19 01:54:54,312][Router][DEBUG] 5 notas leídas (router.py:173)
[2025-06-19 01:54:55,335][Router][DEBUG] Router init: {'database': {'active': 'data/db/notes.db', 'prompts': 'data/prompts.json'}, 'logger': {'cli': 'data/log/cli.log', 'router': 'data/log/router.log', 'prompts': 'data/log/prompts.log', 'stream': True}} (router.py:42)
[2025-06-19 01:54:55,335][Router][DEBUG] Config 'data/config.toml': sin cambios (router.py:104)
[2025-06-19 01:54:55,405][Router][DEBUG] Nota id=1 actualizada (router.py:189)
[2025-06-19 01:54:56,416][Router][DEBUG] Router init: {'database': {'active': 'data/db/notes.db', 'prompts': 'data/prompts.json'}, 'logger': {'cli': 'data/log/cli.log', 'router': 'data/log/router.log', 'prompts': 'data/log/prompts.log', 'stream': True}} (router.py:42)
[2025-06-19 01:54:56,417][Router][DEBUG] Config 'data/config.toml': sin cambios (router.py:104)
[2025-06-19 01:54:56,490][Router][DEBUG] Nota id=2 actualizada (router.py:189)
[2025-06-19 01:54:57,576][Router][DEBUG] Router init: {'database': {'active': 'data/db/notes.db', 'prompts': 'data/prompts.json'}, 'logger': {'cli': 'data/log/cli.log', 'router': 'data/log/router.log', 'prompts': 'data/log/prompts.log', 'stream': True}} (router.py:42)
[2025-06-19 01:54:57,577][Router][DEBUG] Config 'data/config.toml': sin cambios (router.py:104)
[2025-06-19 01:54:57,647][Router][DEBUG] Nota creada: id=6 (router.py:162)
[2025-06-19 01:54:58,630][Router][DEBUG] Router init: {'database': {'active': 'data/db/notes.db', 'prompts': 'data/prompts.json'}, 'logger': {'cli': 'data/log/cli.log', 'router': 'data/log/router.log', 'prompts': 'data/log/prompts.log', 'stream': True}} (router.py:42)
[2025-06-19 01:54:58,630][Router][DEBUG] Config 'data/config.toml': sin cambios (router.py:104)
[2025-06-19 01:54:58,697][Router][DEBUG] Nota creada: id=7 (router.py:162)
[2025-06-19 01:54:59,704][Router][DEBUG] Router init: {'database': {'active': 'data/db/notes.db', 'prompts': 'data/prompts.json'}, 'logger': {'cli': 'data/log/cli.log', 'router': 'data/log/router.log', 'prompts': 'data/log/prompts.log', 'stream': True}} (router.py:42)
[2025-06-19 01:54:59,704][Router][DEBUG] Config 'data/config.toml': sin cambios (router.py:104)
[2025-06-19 01:54:59,706][Router][DEBUG] 7 notas leídas (router.py:173)
[2025-06-19 01:55:00,759][Router][DEBUG] Router init: {'database': {'active': 'data/db/notes.db', 'prompts': 'data/prompts.json'}, 'logger': {'cli': 'data/log/cli.log', 'router': 'data/log/router.log', 'prompts': 'data/log/prompts.log', 'stream': True}} (router.py:42)
[2025-06-19 01:55:00,760][Router][DEBUG] Config 'data/config.toml': sin cambios (router.py:104)
[2025-06-19 01:55:00,761][Router][DEBUG] 7 notas leídas (router.py:173)
[2025-06-19 01:55:01,941][Router][DEBUG] Router init: {'database': {'active': 'data/db/notes.db', 'prompts': 'data/prompts.json'}, 'logger': {'cli': 'data/log/cli.log', 'router': 'data/log/router.log', 'prompts': 'data/log/prompts.log', 'stream': True}} (router.py:42)
[2025-06-19 01:55:01,941][Router][DEBUG] Config 'data/config.toml': sin cambios (router.py:104)
[2025-06-19 01:55:01,943][Router][DEBUG] 7 notas leídas (router.py:173)
[2025-06-19 01:55:13,979][Router][DEBUG] Nota id=1 actualizada (router.py:189)
[2025-06-19 01:55:15,012][Router][DEBUG] Router init: {'database': {'active': 'data/db/notes.db', 'prompts': 'data/prompts.json'}, 'logger': {'cli': 'data/log/cli.log', 'router': 'data/log/router.log', 'prompts': 'data/log/prompts.log', 'stream': True}} (router.py:42)
[2025-06-19 01:55:15,013][Router][DEBUG] Config 'data/config.toml': sin cambios (router.py:104)
[2025-06-19 01:55:15,015][Router][DEBUG] 7 notas leídas (router.py:173)
[2025-06-19 01:55:23,279][Router][DEBUG] Nota creada: id=8 (router.py:162)
[2025-06-19 01:55:24,306][Router][DEBUG] Router init: {'database': {'active': 'data/db/notes.db', 'prompts': 'data/prompts.json'}, 'logger': {'cli': 'data/log/cli.log', 'router': 'data/log/router.log', 'prompts': 'data/log/prompts.log', 'stream': True}} (router.py:42)
[2025-06-19 01:55:24,306][Router][DEBUG] Config 'data/config.toml': sin cambios (router.py:104)
[2025-06-19 01:55:24,308][Router][DEBUG] 8 notas leídas (router.py:173)
[2025-06-19 01:55:26,722][Router][DEBUG] Router init: {'database': {'active': 'data/db/notes.db', 'prompts': 'data/prompts.json'}, 'logger': {'cli': 'data/log/cli.log', 'router': 'data/log/router.log', 'prompts': 'data/log/prompts.log', 'stream': True}} (router.py:42)
[2025-06-19 01:55:26,722][Router][DEBUG] Config 'data/config.toml': sin cambios (router.py:104)
[2025-06-19 01:55:26,723][Router][DEBUG] 8 notas leídas (router.py:173)
[2025-06-19 01:55:32,153][Router][DEBUG] Nota creada: id=9 (router.py:162)
[2025-06-19 01:55:33,271][Router][DEBUG] Router init: {'database': {'active': 'data/db/notes.db', 'prompts': 'data/prompts.json'}, 'logger': {'cli': 'data/log/cli.log', 'router': 'data/log/router.log', 'prompts': 'data/log/prompts.log', 'stream': True}} (router.py:42)
[2025-06-19 01:55:33,271][Router][DEBUG] Config 'data/config.toml': sin cambios (router.py:104)
[2025-06-19 01:55:33,272][Router][DEBUG] 9 notas leídas (router.py:173)
[2025-06-19 01:55:39,992][Router][DEBUG] Router init: {'database': {'active': 'data/db/notes.db', 'prompts': 'data/prompts.json'}, 'logger': {'cli': 'data/log/cli.log', 'router': 'data/log/router.log', 'prompts': 'data/log/prompts.log', 'stream': True}} (router.py:42)
[2025-06-19 01:55:39,993][Router][DEBUG] Config 'data/config.toml': sin cambios (router.py:104)
[2025-06-19 01:55:39,994][Router][DEBUG] 9 notas leídas (router.py:173)
[2025-06-19 01:55:44,652][Router][DEBUG] Nota creada: id=10 (router.py:162)
[2025-06-19 01:55:45,692][Router][DEBUG] Router init: {'database': {'active': 'data/db/notes.db', 'prompts': 'data/prompts.json'}, 'logger': {'cli': 'data/log/cli.log', 'router': 'data/log/router.log', 'prompts': 'data/log/prompts.log', 'stream': True}} (router.py:42)
[2025-06-19 01:55:45,692][Router][DEBUG] Config 'data/config.toml': sin cambios (router.py:104)
[2025-06-19 01:55:45,752][Router][DEBUG] Nota creada: id=11 (router.py:162)
[2025-06-19 01:55:46,775][Router][DEBUG] Router init: {'database': {'active': 'data/db/notes.db', 'prompts': 'data/prompts.json'}, 'logger': {'cli': 'data/log/cli.log', 'router': 'data/log/router.log', 'prompts': 'data/log/prompts.log', 'stream': True}} (router.py:42)
[2025-06-19 01:55:46,776][Router][DEBUG] Config 'data/config.toml': sin cambios (router.py:104)
[2025-06-19 01:55:46,836][Router][DEBUG] Nota creada: id=12 (router.py:162)
[2025-06-19 01:55:47,838][Router][DEBUG] Router init: {'database': {'active': 'data/db/notes.db', 'prompts': 'data/prompts.json'}, 'logger': {'cli': 'data/log/cli.log', 'router': 'data/log/router.log', 'prompts': 'data/log/prompts.log', 'stream': True}} (router.py:42)
[2025-06-19 01:55:47,839][Router][DEBUG] Config 'data/config.toml': sin cambios (router.py:104)
[2025-06-19 01:55:47,902][Router][DEBUG] Nota creada: id=13 (router.py:162)
[2025-06-19 01:55:48,914][Router][DEBUG] Router init: {'database': {'active': 'data/db/notes.db', 'prompts': 'data/prompts.json'}, 'logger': {'cli': 'data/log/cli.log', 'router': 'data/log/router.log', 'prompts': 'data/log/prompts.log', 'stream': True}} (router.py:42)
[2025-06-19 01:55:48,914][Router][DEBUG] Config 'data/config.toml': sin cambios (router.py:104)
[2025-06-19 01:55:48,977][Router][DEBUG] Nota creada: id=14 (router.py:162)
[2025-06-19 01:55:49,983][Router][DEBUG] Router init: {'database': {'active': 'data/db/notes.db', 'prompts': 'data/prompts.json'}, 'logger': {'cli': 'data/log/cli.log', 'router': 'data/log/router.log', 'prompts': 'data/log/prompts.log', 'stream': True}} (router.py:42)
[2025-06-19 01:55:49,984][Router][DEBUG] Config 'data/config.toml': sin cambios (router.py:104)
[2025-06-19 01:55:50,044][Router][DEBUG] Nota id=2 eliminada (router.py:200)
[2025-06-19 01:55:51,050][Router][DEBUG] Router init: {'database': {'active': 'data/db/notes.db', 'prompts': 'data/prompts.json'}, 'logger': {'cli': 'data/log/cli.log', 'router': 'data/log/router.log', 'prompts': 'data/log/prompts.log', 'stream': True}} (router.py:42)
[2025-06-19 01:55:51,050][Router][DEBUG] Config 'data/config.toml': sin cambios (router.py:104)
[2025-06-19 01:55:51,052][Router][DEBUG] 13 notas leídas (router.py:173)
[2025-06-19 01:55:52,091][Router][DEBUG] Router init: {'database': {'active': 'data/db/notes.db', 'prompts': 'data/prompts.json'}, 'logger': {'cli': 'data/log/cli.log', 'router': 'data/log/router.log', 'prompts': 'data/log/prompts.log', 'stream': True}} (router.py:42)
[2025-06-19 01:55:52,091][Router][DEBUG] Config 'data/config.toml': sin cambios (router.py:104)
[2025-06-19 01:55:52,152][Router][DEBUG] Nota creada: id=15 (router.py:162)
[2025-06-19 01:55:53,258][Router][DEBUG] Router init: {'database': {'active': 'data/db/notes.db', 'prompts': 'data/prompts.json'}, 'logger': {'cli': 'data/log/cli.log', 'router': 'data/log/router.log', 'prompts': 'data/log/prompts.log', 'stream': True}} (router.py:42)
[2025-06-19 01:55:53,258][Router][DEBUG] Config 'data/config.toml': sin cambios (router.py:104)
[2025-06-19 01:55:53,318][Router][DEBUG] Nota creada: id=16 (router.py:162)
[2025-06-19 01:55:54,298][Router][DEBUG] Router init: {'database': {'active': 'data/db/notes.db', 'prompts': 'data/prompts.json'}, 'logger': {'cli': 'data/log/cli.log', 'router': 'data/log/router.log', 'prompts': 'data/log/prompts.log', 'stream': True}} (router.py:42)
[2025-06-19 01:55:54,299][Router][DEBUG] Config 'data/config.toml': sin cambios (router.py:104)
[2025-06-19 01:55:54,368][Router][DEBUG] Nota creada: id=17 (router.py:162)
[2025-06-19 01:55:55,377][Router][DEBUG] Router init: {'database': {'active': 'data/db/notes.db', 'prompts': 'data/prompts.json'}, 'logger': {'cli': 'data/log/cli.log', 'router': 'data/log/router.log', 'prompts': 'data/log/prompts.log', 'stream': True}} (router.py:42)
[2025-06-19 01:55:55,377][Router][DEBUG] Config 'data/config.toml': sin cambios (router.py:104)
[2025-06-19 01:55:55,379][Router][DEBUG] 16 notas leídas (router.py:173)
[2025-06-19 01:56:56,943][Router][DEBUG] Router init: {'database': {'active': 'data/db/notes.db', 'prompts': 'data/prompts.json'}, 'logger': {'cli': 'data/log/cli.log', 'router': 'data/log/router.log', 'prompts': 'data/log/prompts.log', 'stream': True}} (router.py:42)
[2025-06-19 01:56:56,943][Router][DEBUG] Config 'data/config.toml': sin cambios (router.py:104)
[2025-06-19 01:56:57,043][Router][DEBUG] Nota creada: id=18 (router.py:162)
[2025-06-19 01:57:45,308][Router][DEBUG] Router init: {'database': {'active': 'data/db/notes.db', 'prompts': 'data/prompts.json'}, 'logger': {'cli': 'data/log/cli.log', 'router': 'data/log/router.log', 'prompts': 'data/log/prompts.log', 'stream': True}} (router.py:42)
[2025-06-19 01:57:45,309][Router][DEBUG] Config 'data/config.toml': sin cambios (router.py:104)
[2025-06-19 01:57:45,310][Router][DEBUG] 17 notas leídas (router.py:173)
